<?xml version="1.0" encoding="UTF-8"?>
<!-- Generated by org.testng.reporters.JUnitReportReporter -->
<testsuite skipped="0" hostname="MOB700043" name="com.shanku.rough.GoToViewAllWorkTest" tests="1" failures="0" timestamp="12 Sep 2020 05:45:10 GMT" time="8.981" errors="0">
  <testcase name="goToViewAWorktTest" time="8.981" classname="com.shanku.rough.GoToViewAllWorkTest"/>
</testsuite> <!-- com.shanku.rough.GoToViewAllWorkTest -->
