<?xml version="1.0" encoding="UTF-8"?>
<!-- Generated by org.testng.reporters.JUnitReportReporter -->
<testsuite skipped="0" hostname="MOB700043" name="com.shanku.rough.ClickonPortfolioPageTest" tests="1" failures="0" timestamp="12 Sep 2020 05:46:42 GMT" time="7.648" errors="0">
  <testcase name="clickOnPortfolioPageTest" time="7.648" classname="com.shanku.rough.ClickonPortfolioPageTest"/>
</testsuite> <!-- com.shanku.rough.ClickonPortfolioPageTest -->
